[2025-11-03 19:23:46] ls
[2025-11-03 19:23:46] SUCCESS
[2025-11-03 19:24:55] ls
[2025-11-03 19:24:55] SUCCESS
[2025-11-03 19:24:57] exit
[2025-11-03 19:25:00] ls
[2025-11-03 19:25:00] SUCCESS
[2025-11-03 19:25:33] ls -a
[2025-11-03 19:25:33] SUCCESS
[2025-11-03 19:26:15] exit
[2025-11-03 19:26:20] ls -a
[2025-11-03 19:26:20] SUCCESS
[2025-11-03 19:27:07] exit
[2025-11-03 19:27:10] ls
[2025-11-03 19:27:10] SUCCESS
[2025-11-03 19:27:12] ls -aa
[2025-11-03 19:27:12] SUCCESS
[2025-11-03 19:32:43] cd src/
[2025-11-03 19:32:43] SUCCESS
[2025-11-03 19:32:46] ls
[2025-11-03 19:32:46] SUCCESS
[2025-11-03 19:36:26] exit
[2025-11-03 19:36:56] zip tests tests.zip
[2025-11-03 19:36:56] SUCCESS
[2025-11-03 19:37:16] unzip tests.zip
[2025-11-03 19:37:16] SUCCESS
[2025-11-03 19:37:40] rm tests
[2025-11-03 19:37:40] ERROR: rm: невозможно удалить 'tests'; Это каталог
[2025-11-03 19:37:43] rm tests -r
[2025-11-03 19:37:45] SUCCESS
[2025-11-03 19:37:53] unzip tests.zip
[2025-11-03 19:37:53] SUCCESS
[2025-11-03 19:38:23] exit
[2025-11-03 19:39:14] unzip z.zip
[2025-11-03 19:39:14] SUCCESS
[2025-11-03 19:39:22] exit
[2025-11-04 00:53:56] cd ..
[2025-11-04 00:53:56] SUCCESS
[2025-11-04 00:54:02] ls
[2025-11-04 00:54:02] SUCCESS
[2025-11-04 00:54:07] cd ..
[2025-11-04 00:54:07] SUCCESS
[2025-11-04 01:01:22] exit
[2025-11-04 01:11:50] lz
[2025-11-04 01:15:35] ls
[2025-11-04 01:16:25] ls
[2025-11-04 01:16:25] SUCCESS
[2025-11-04 01:16:59] учше
[2025-11-04 01:17:02] exit
[2025-11-04 01:17:07] ls
[2025-11-04 01:17:07] SUCCESS
[2025-11-04 01:17:20] undo
[2025-11-04 01:17:20] ERROR: undo: нет команд для отмены
[2025-11-04 01:17:25] ls
[2025-11-04 01:17:25] SUCCESS
[2025-11-04 01:17:28] ls -a
[2025-11-04 01:17:28] SUCCESS
[2025-11-04 01:18:59] history
[2025-11-04 01:18:59] SUCCESS
[2025-11-04 01:19:10] history 10
[2025-11-04 01:19:10] SUCCESS
[2025-11-04 01:20:06] exit
[2025-11-04 01:20:39] history
[2025-11-04 01:20:39] SUCCESS
[2025-11-04 01:20:43] history 10
[2025-11-04 01:20:43] SUCCESS
[2025-11-04 01:20:54] history 0
[2025-11-04 01:20:54] SUCCESS
[2025-11-04 01:20:57] history 1
[2025-11-04 01:20:57] SUCCESS
[2025-11-04 01:21:27] ls
[2025-11-04 01:21:27] SUCCESS
[2025-11-04 01:21:32] ls -al
[2025-11-04 01:21:32] SUCCESS
[2025-11-04 01:21:40] rm .test
[2025-11-04 01:21:40] SUCCESS
[2025-11-04 01:21:43] ls -al
[2025-11-04 01:21:43] SUCCESS
[2025-11-04 01:21:56] undo
[2025-11-04 01:21:56] SUCCESS
[2025-11-04 01:35:05] mv .test src/
[2025-11-04 01:35:05] SUCCESS
[2025-11-04 01:35:13] undo
[2025-11-04 01:35:13] SUCCESS
[2025-11-04 01:37:56] exit
[2025-11-04 14:17:12] ls -al
[2025-11-04 14:17:12] SUCCESS
[2025-11-04 14:17:20] exit
[2025-11-04 14:20:04] history
[2025-11-04 14:20:04] SUCCESS
[2025-11-04 14:20:06] history 1
[2025-11-04 14:20:06] SUCCESS
[2025-11-04 14:20:16] history 10
[2025-11-04 14:20:16] SUCCESS
[2025-11-04 14:21:18] history 10
[2025-11-04 14:21:18] SUCCESS
[2025-11-04 14:21:21] exit
[2025-11-04 14:21:25] history 1
[2025-11-04 14:21:25] SUCCESS
[2025-11-04 14:21:50] history 2
[2025-11-04 14:21:50] SUCCESS
[2025-11-04 14:21:55] history 10
[2025-11-04 14:21:55] SUCCESS
[2025-11-04 14:22:09] exit
[2025-11-04 14:22:14] history 10
[2025-11-04 14:22:14] SUCCESS
[2025-11-04 14:22:18] history 1
[2025-11-04 14:22:18] SUCCESS
[2025-11-04 14:22:23] exit
[2025-11-04 14:46:51] undo
[2025-11-04 14:46:51] ERROR: undo: нет команд для отмены
[2025-11-04 14:47:24] exit
[2025-11-04 15:50:45] ls
[2025-11-04 15:50:45] SUCCESS
[2025-11-04 15:51:01] grep SUCCESS shell.log
[2025-11-04 15:51:01] SUCCESS
[2025-11-04 15:53:06] ls
[2025-11-04 15:53:06] SUCCESS
[2025-11-04 15:53:31] grep grep src/
[2025-11-04 15:53:31] ERROR: grep: 'src': Это каталог
[2025-11-04 15:53:35] grep grep src/ -r
[2025-11-04 15:53:35] ERROR: 'src/main.py' is not in the subpath of '/home/reystep/PycharmProjects/mai-python-lab2-terminal'
[2025-11-04 15:56:20] grep grep src/ -ri
[2025-11-04 15:56:20] ERROR: 'src/main.py' is not in the subpath of '/home/reystep/PycharmProjects/mai-python-lab2-terminal'
[2025-11-04 15:56:43] exit
[2025-11-04 15:58:33] grep grep src/ -ri
[2025-11-04 15:58:33] SUCCESS
[2025-11-04 16:09:26] exit
[2025-11-04 16:09:31] grep grep src/ -ri
[2025-11-04 16:09:31] SUCCESS
[2025-11-04 16:10:18] exit
[2025-11-04 16:10:21] grep grep src/ -ri
[2025-11-04 16:10:21] SUCCESS
[2025-11-04 16:11:07] exit
[2025-11-04 16:28:20] exit
[2025-11-04 16:29:10] ls -al
[2025-11-04 16:29:10] SUCCESS
[2025-11-04 16:29:58] cp test1 tests/
[2025-11-04 16:29:58] SUCCESS
[2025-11-04 16:30:15] exit
[2025-11-04 16:33:55] ls -al
[2025-11-04 16:33:55] SUCCESS
[2025-11-04 16:34:04] undo
[2025-11-04 16:34:04] ERROR: undo: нет команд для отмены
[2025-11-04 16:37:39] cp test1 tests/
[2025-11-04 16:37:39] SUCCESS
[2025-11-04 16:37:56] cp test1 tests/
[2025-11-04 16:37:56] SUCCESS
[2025-11-04 16:38:04] undo
[2025-11-04 16:38:04] ERROR: rm: невозможно удалить 'tests'; Это каталог
[2025-11-04 16:45:05] exit
[2025-11-04 16:45:33] cp test1 tests/
[2025-11-04 16:45:33] SUCCESS
[2025-11-04 16:45:39] ls tests
[2025-11-04 16:45:39] SUCCESS
[2025-11-04 16:45:44] undo
[2025-11-04 16:45:44] SUCCESS
[2025-11-04 16:47:01] cp test1 tests/
[2025-11-04 16:47:01] SUCCESS
[2025-11-04 16:47:14] rm tests/test1
[2025-11-04 16:47:14] SUCCESS
[2025-11-04 16:48:48] exit
[2025-11-04 16:54:24] ls -al
[2025-11-04 16:54:24] SUCCESS
[2025-11-04 16:54:33] mv test1 tests/
[2025-11-04 16:54:33] SUCCESS
[2025-11-04 16:54:44] undo
[2025-11-04 16:54:44] SUCCESS
[2025-11-04 16:54:51] exit
[2025-11-04 17:00:51] ls -a
[2025-11-04 17:00:51] SUCCESS
[2025-11-04 17:01:05] exit
[2025-11-04 17:03:47] ls -a
[2025-11-04 17:03:47] SUCCESS
[2025-11-04 17:03:52] ls
[2025-11-04 17:03:52] SUCCESS
[2025-11-04 17:05:10] exit
[2025-11-04 17:05:13] ls
[2025-11-04 17:05:13] SUCCESS
[2025-11-04 17:05:33] ls -al
[2025-11-04 17:05:33] SUCCESS
[2025-11-04 17:05:41] ls -a
[2025-11-04 17:05:41] SUCCESS
[2025-11-04 17:06:01] ls
[2025-11-04 17:06:01] SUCCESS
[2025-11-04 17:06:07] exit
[2025-11-04 17:06:12] ls
[2025-11-04 17:06:12] SUCCESS
[2025-11-04 17:06:16] ls -a
[2025-11-04 17:06:16] SUCCESS
[2025-11-04 17:06:23] exit
[2025-11-04 17:06:27] ls -a
[2025-11-04 17:06:27] SUCCESS
[2025-11-04 17:06:53] exit
[2025-11-04 17:11:10] ls
[2025-11-04 17:11:10] SUCCESS
[2025-11-04 17:11:13] cd ..
[2025-11-04 17:11:13] SUCCESS
[2025-11-04 17:11:23] cd ..
[2025-11-04 17:14:34] ls
[2025-11-04 17:14:34] SUCCESS
[2025-11-04 17:14:41] cd ..
[2025-11-04 17:14:41] SUCCESS
[2025-11-04 17:15:04] cd mai-python-lab2-terminal
[2025-11-04 17:39:13] ls
[2025-11-04 17:39:13] SUCCESS
[2025-11-04 17:39:27] cd ..
[2025-11-04 17:39:27] SUCCESS
[2025-11-04 17:39:33] cd ..
[2025-11-04 17:39:33] SUCCESS
[2025-11-04 17:39:36] cd ..
[2025-11-04 17:39:36] SUCCESS
[2025-11-04 17:39:38] cd ..
[2025-11-04 17:39:38] SUCCESS
[2025-11-04 17:39:40] ls
[2025-11-04 17:39:40] SUCCESS
[2025-11-04 17:39:54] exit
[2025-11-04 17:39:59] exit
[2025-11-04 17:40:10] cd home
[2025-11-04 17:40:10] SUCCESS
[2025-11-04 17:40:12] exit
[2025-11-04 17:40:24] ls
[2025-11-04 17:40:24] SUCCESS
[2025-11-04 17:40:28] cd reystep
[2025-11-04 17:40:28] SUCCESS
[2025-11-04 17:40:43] cd PycharmProjects
[2025-11-04 17:40:43] SUCCESS
[2025-11-04 17:40:51] cd mai
[2025-11-04 17:40:51] ERROR: /home/reystep/PycharmProjects/mai
[2025-11-04 17:40:59] ls
[2025-11-04 17:40:59] SUCCESS
[2025-11-04 17:41:34] cd mai-python-lab2-terminal
[2025-11-04 17:41:34] SUCCESS
[2025-11-04 17:41:37] ls
[2025-11-04 17:41:37] SUCCESS
[2025-11-04 17:41:40] exit
[2025-11-04 17:41:58] exit
[2025-11-04 17:41:59] dsdsa
[2025-11-04 17:42:00] dsd
[2025-11-04 17:42:01] c
[2025-11-04 17:42:01] x
[2025-11-04 17:42:03] typer
[2025-11-04 17:43:26] exit
[2025-11-04 17:46:45] exit
[2025-11-04 18:49:19] ls shell.log
[2025-11-04 18:49:19] ERROR: grep: 'shell.log': Это не каталог
[2025-11-04 18:50:00] exit
[2025-11-04 19:58:15] cd
[2025-11-04 19:58:15] SUCCESS
[2025-11-04 19:58:27] exit
